
**** Build of configuration Default for project eclipseproject ****

scons 
scons: Reading SConscript files ...
Home is:  /home/beyzend
ATISTREAMSDKROOT:  /home/beyzend/software/streamsdk_install/ati-stream-sdk-v2.2-lnx32
Split includes:  ['/usr/local/include/OGRE/', '/usr/local/include/OGRE/Terrain/', '/usr/include/', '/usr/local/include/', '/home/beyzend/software/streamsdk_install/ati-stream-sdk-v2.2-lnx32/include/', '/home/beyzend/projects/prjz_new/projectzombie/include/', '/usr/include/CL/', '/home/beyzend/software/raknet_new/Source']
CCCOM is:  $CC -o $TARGET -c $CFLAGS $CCFLAGS $_CCCOMCOM $SOURCES
CXXCOM  $CXX -o $TARGET -c $CXXFLAGS $CCFLAGS $_CCCOMCOM $SOURCES
CC is: gcc
_CCCOMCOM $CPPFLAGS $_CPPDEFFLAGS $_CPPINCFLAGS
CPPPATH: /usr/local/include/OGRE/ /usr/local/include/OGRE/Terrain/ /usr/include/ /usr/local/include/ /home/beyzend/software/streamsdk_install/ati-stream-sdk-v2.2-lnx32/include/ /home/beyzend/projects/prjz_new/projectzombie/include/ /usr/include/CL/ /home/beyzend/software/raknet_new/Source
CPPFLAGS:  
chaning CXXCOM 
Raknet_path:  /home/beyzend/software/raknet_new/
scons: done reading SConscript files.
scons: Building targets ...
g++ -o2 -I/usr/local/include/OGRE -I/usr/local/include/OGRE/Terrain -I/usr/include -I/usr/local/include -I/home/beyzend/software/streamsdk_install/ati-stream-sdk-v2.2-lnx32/include -Iinclude -I/usr/include/CL -I/home/beyzend/software/raknet_new/Source -o build/view/EngineController.o -c src/view/EngineController.cpp
ar rc build/libprojectz.a build/command/Command.o build/command/CommandController.o build/command/CommandList.o build/command/CreateEntCmd.o build/command/ServicesManager.o build/entities/EntitiesManager.o build/entities/InstancedRdrEntitiesBuilder.o build/entities/NetworkEntitiesManager.o build/entities/PlayerEnt.o build/entities/RenderEntitiesManager.o build/entities/ZEntitiesResource.o build/entities/ZEntity.o build/entities/ZEntityBuilder.o build/model/GPUEntities.o build/model/GPUEntsGenProps.o build/model/GameEditState.o build/model/GameMainMenuState.o build/model/GameMainState.o build/model/GameState.o build/model/GameStateFactory.o build/model/GameStateInfo.o build/model/Imposter.o build/model/StatesLoader.o build/model/ZEntity.o build/net/NetClientController.o build/net/NetController.o build/net/NetServerController.o build/net/NetworkClientController.o build/net/ZNetEntity.o build/utilities/CharacterUtil.o build/utilities/Timer.o build/view/ControlModuleProto.o build/view/EngineController.o build/view/EngineView.o build/view/GPUEntsControl.o build/view/GPUEntsGen.o build/view/GPUEntsMeshBuilder.o build/view/GPUEntsView.o build/view/GameEditView.o build/view/ImposterGen.o build/view/ImposterView.o build/view/InputController.o build/view/KeyEventRegister.o build/view/KeyboardPump.o build/view/LifeCyclePump.o build/view/LifeCycleRegister.o build/view/MouseEventRegister.o build/view/MousePump.o build/view/PingPongShaders.o build/view/ServerController.o build/view/WhiteNoiseView.o build/view/ogreconsole.o build/ZCL/ZCLController.o build/world/WorldController.o build/world/WorldMap.o build/world/WorldScale.o
ranlib build/libprojectz.a
g++ -o build/TestCLDriver build/TestCLDriver.o -L/usr/local/lib/OGRE -L/usr/lib -L/usr/local/lib -L/home/beyzend/software/streamsdk_install/ati-stream-sdk-v2.2-lnx32/lib/x86 -lOgreMain -lOgreTerrain -lOgrePaging -lOgreRTShaderSystem -lOIS -lOpenCL build/libprojectz.a /home/beyzend/software/raknet_new/build/libRakNet.a
g++ -o build/ZombieDriver build/ZombieDriver.o -L/usr/local/lib/OGRE -L/usr/lib -L/usr/local/lib -L/home/beyzend/software/streamsdk_install/ati-stream-sdk-v2.2-lnx32/lib/x86 -lOgreMain -lOgreTerrain -lOgrePaging -lOgreRTShaderSystem -lOIS -lOpenCL build/libprojectz.a /home/beyzend/software/raknet_new/build/libRakNet.a
Install file: "build/ZombieDriver" as "ZombieMedia/release/ZombieDriver"
scons: done building targets.
