00:39:10: Creating resource group General
00:39:10: Creating resource group Internal
00:39:10: Creating resource group Autodetect
00:39:10: SceneManagerFactory for type 'DefaultSceneManager' registered.
00:39:10: Registering ResourceManager for type Material
00:39:10: Registering ResourceManager for type Mesh
00:39:10: Registering ResourceManager for type Skeleton
00:39:10: MovableObjectFactory for type 'ParticleSystem' registered.
00:39:10: OverlayElementFactory for type Panel registered.
00:39:10: OverlayElementFactory for type BorderPanel registered.
00:39:10: OverlayElementFactory for type TextArea registered.
00:39:10: Registering ResourceManager for type Font
00:39:10: ArchiveFactory for archive type FileSystem registered.
00:39:10: ArchiveFactory for archive type Zip registered.
00:39:10: DDS codec registering
00:39:10: FreeImage version: 3.10.0
00:39:10: This program uses FreeImage, a free, open source image library supporting all common bitmap formats. See http://freeimage.sourceforge.net for details
00:39:10: Supported formats: bmp,ico,jpg,jif,jpeg,jpe,jng,koa,iff,lbm,mng,pbm,pbm,pcd,pcx,pgm,pgm,png,ppm,ppm,ras,tga,targa,tif,tiff,wap,wbmp,wbm,psd,cut,xbm,xpm,gif,hdr,g3,sgi,exr,j2k,j2c,jp2
00:39:10: Registering ResourceManager for type HighLevelGpuProgram
00:39:10: Registering ResourceManager for type Compositor
00:39:10: MovableObjectFactory for type 'Entity' registered.
00:39:10: MovableObjectFactory for type 'Light' registered.
00:39:10: MovableObjectFactory for type 'BillboardSet' registered.
00:39:10: MovableObjectFactory for type 'ManualObject' registered.
00:39:10: MovableObjectFactory for type 'BillboardChain' registered.
00:39:10: MovableObjectFactory for type 'RibbonTrail' registered.
00:39:10: OGRE EXCEPTION(6:FileNotFoundException): 'plugins.cfg' file not found! in ConfigFile::load at /home/beyzend/projects/ogre_new/ogre_src_v1-7-1/OgreMain/src/OgreConfigFile.cpp (line 83)
00:39:10: plugins.cfg not found, automatic plugin loading disabled.
00:39:10: *-*-* OGRE Initialising
00:39:10: *-*-* Version 1.7.1 (Cthugha)
00:39:10: OGRE EXCEPTION(6:FileNotFoundException): 'plsm2_display.cfg' file not found! in ConfigFile::load at /home/beyzend/projects/ogre_new/ogre_src_v1-7-1/OgreMain/src/OgreConfigFile.cpp (line 83)
